\BOOKMARK [0][]{CAPA.0}{CAPA}{}% 1
\BOOKMARK [0][]{aprovacao.0}{FOLHA DE APROVA\307\303O}{}% 2
\BOOKMARK [0][]{nomeresumo.0}{RESUMO}{}% 3
\BOOKMARK [0][]{nomeabstract.0}{ABSTRACT}{}% 4
\BOOKMARK [0][]{contentsname.0}{SUM\301RIO}{}% 5
\BOOKMARK [0][]{chapter.1}{1 INTRODU\307\303O}{}% 6
\BOOKMARK [1][]{section.1.1}{1.1 Objetivos Gerais}{chapter.1}% 7
\BOOKMARK [1][]{section.1.2}{1.2 Objetivos Espec\355ficos}{chapter.1}% 8
\BOOKMARK [1][]{section.1.3}{1.3 Revis\343o Bibliogr\341fica do Estado da Arte}{chapter.1}% 9
\BOOKMARK [1][]{section.1.4}{1.4 Principais Contribui\347\365es}{chapter.1}% 10
\BOOKMARK [1][]{section.1.5}{1.5 Organiza\347\343o do Texto}{chapter.1}% 11
\BOOKMARK [0][]{chapter.2}{2 OTIMIZA\307\303O POR NUVEM DE PART\315CULAS \(PSO\)}{}% 12
\BOOKMARK [1][]{section.2.1}{2.1 Origem e Descri\347\343o}{chapter.2}% 13
\BOOKMARK [1][]{section.2.2}{2.2 Algoritmo Base e Principal Varia\347\343o}{chapter.2}% 14
\BOOKMARK [1][]{section.2.3}{2.3 PSO Matricial Simplificado}{chapter.2}% 15
\BOOKMARK [1][]{section.2.4}{2.4 PSO Matricial - Vers\343o sem simplifica\347\365es}{chapter.2}% 16
\BOOKMARK [2][]{subsection.2.4.1}{2.4.1 An\341lise de Estabilidade do Algoritmo}{section.2.4}% 17
\BOOKMARK [2][]{subsection.2.4.2}{2.4.2 An\341lise de Converg\352ncia do Erro Quadr\341tico Iterativo}{section.2.4}% 18
\BOOKMARK [2][]{subsection.2.4.3}{2.4.3 PSOM - H\355brido}{section.2.4}% 19
\BOOKMARK [2][]{subsection.2.4.4}{2.4.4 Conclus\343o do Cap\355tulo}{section.2.4}% 20
\BOOKMARK [0][]{chapter.3}{3 IDENTIFICA\307\303O DE SISTEMAS}{}% 21
\BOOKMARK [1][]{section.3.1}{3.1 Introdu\347\343o}{chapter.3}% 22
\BOOKMARK [1][]{section.3.2}{3.2 Projeto de Sinais de Excita\347\343o}{chapter.3}% 23
\BOOKMARK [2][]{subsection.3.2.1}{3.2.1 Escolha e Coleta de Sinais}{section.3.2}% 24
\BOOKMARK [1][]{section.3.3}{3.3 Modelos Polinomiais Lineares}{chapter.3}% 25
\BOOKMARK [2][]{subsection.3.3.1}{3.3.1 ARX}{section.3.3}% 26
\BOOKMARK [1][]{section.3.4}{3.4 Dificuldades Relacionadas \340 Identifica\347\343o}{chapter.3}% 27
\BOOKMARK [2][]{subsection.3.4.1}{3.4.1 Presen\347a de Ru\355dos}{section.3.4}% 28
\BOOKMARK [2][]{subsection.3.4.2}{3.4.2 Presen\347a de Din\342micas N\343o Modeladas}{section.3.4}% 29
\BOOKMARK [1][]{section.3.5}{3.5 Estima\347\343o de Par\342metros}{chapter.3}% 30
\BOOKMARK [2][]{subsection.3.5.1}{3.5.1 Estimador de M\355nimos Quadrados - MQ}{section.3.5}% 31
\BOOKMARK [2][]{subsection.3.5.2}{3.5.2 Estimador de M\355nimos Quadrados Recursivo - MQR}{section.3.5}% 32
\BOOKMARK [2][]{subsection.3.5.3}{3.5.3 Estimador de M\355nimos Quadrados Estendido - MQE}{section.3.5}% 33
\BOOKMARK [2][]{subsection.3.5.4}{3.5.4 Estimador de M\355nimos Quadrados Recursivo com Compensa\347\343o de Polariza\347\343o - BCRLS}{section.3.5}% 34
\BOOKMARK [2][]{subsection.3.5.5}{3.5.5 Conclus\343o do Cap\355tulo}{section.3.5}% 35
\BOOKMARK [0][]{chapter.4}{4 METODOLOGIA, RESULTADOS E DISCUSS\325ES}{}% 36
\BOOKMARK [1][]{section.4.1}{4.1 Exemplo Simulado 1}{chapter.4}% 37
\BOOKMARK [1][]{section.4.2}{4.2 Exemplo Simulado 2}{chapter.4}% 38
\BOOKMARK [1][]{section.4.3}{4.3 Conclus\343o do Cap\355tulo}{chapter.4}% 39
\BOOKMARK [0][]{chapter.5}{5 CONCLUS\325ES}{}% 40
\BOOKMARK [0][]{chapter.6}{REFER\312NCIAS}{}% 41
